\BOOKMARK [0][-]{section*.1}{Agradecimientos}{}% 1
\BOOKMARK [0][-]{section*.3}{Abstract}{}% 2
\BOOKMARK [0][-]{section*.5}{Resumen}{}% 3
\BOOKMARK [0][-]{section*.8}{\315ndice de figuras}{}% 4
\BOOKMARK [0][-]{section*.10}{\315ndice de tablas}{}% 5
\BOOKMARK [0][-]{section*.12}{Nomenclatura}{}% 6
\BOOKMARK [0][-]{chapter.1}{Introducci\363n}{}% 7
\BOOKMARK [1][-]{section.1.1}{Hip\363tesis}{chapter.1}% 8
\BOOKMARK [1][-]{section.1.2}{Objetivos}{chapter.1}% 9
\BOOKMARK [1][-]{section.1.3}{Estructura del Documento}{chapter.1}% 10
\BOOKMARK [0][-]{chapter.2}{Estado del Arte}{}% 11
\BOOKMARK [1][-]{section.2.1}{Simulaci\363n Multiescala y Zona Gris}{chapter.2}% 12
\BOOKMARK [1][-]{section.2.2}{Antecedentes de Modelaci\363n Turbulenta}{chapter.2}% 13
\BOOKMARK [1][-]{section.2.3}{Alta Resoluci\363n y Terreno Complejo}{chapter.2}% 14
\BOOKMARK [2][-]{subsection.2.3.1}{Importancia de la Estimaci\363n del Viento}{section.2.3}% 15
\BOOKMARK [2][-]{subsection.2.3.2}{Problem\341ticas de la Simulaci\363n de Alta Resoluci\363n}{section.2.3}% 16
\BOOKMARK [1][-]{section.2.4}{Uso Operativo de Asimilaci\363n de Datos}{chapter.2}% 17
\BOOKMARK [1][-]{section.2.5}{S\355ntesis}{chapter.2}% 18
\BOOKMARK [0][-]{chapter.3}{Marco Te\363rico}{}% 19
\BOOKMARK [1][-]{section.3.1}{Leyes Fundamentales de un Fluido}{chapter.3}% 20
\BOOKMARK [2][-]{subsection.3.1.1}{Conservaci\363n de la Masa}{section.3.1}% 21
\BOOKMARK [2][-]{subsection.3.1.2}{Conservaci\363n de Momemtum}{section.3.1}% 22
\BOOKMARK [2][-]{subsection.3.1.3}{Conservaci\363n de la Energ\355a}{section.3.1}% 23
\BOOKMARK [2][-]{subsection.3.1.4}{Ecuaci\363n de Estado: Gas Ideal}{section.3.1}% 24
\BOOKMARK [1][-]{section.3.2}{Din\341mica Atmosf\351rica}{chapter.3}% 25
\BOOKMARK [2][-]{subsection.3.2.1}{Temperatura Potencial}{section.3.2}% 26
\BOOKMARK [2][-]{subsection.3.2.2}{Gradiente de Temperatura}{section.3.2}% 27
\BOOKMARK [2][-]{subsection.3.2.3}{Condiciones de Estabilidad}{section.3.2}% 28
\BOOKMARK [2][-]{subsection.3.2.4}{Ecuaci\363nes Primitivas}{section.3.2}% 29
\BOOKMARK [1][-]{section.3.3}{Turbulencia Hidrodin\341mica}{chapter.3}% 30
\BOOKMARK [2][-]{subsection.3.3.1}{Aspectos Generales}{section.3.3}% 31
\BOOKMARK [2][-]{subsection.3.3.2}{Aleatoriedad y Descomposici\363n de Reynolds}{section.3.3}% 32
\BOOKMARK [2][-]{subsection.3.3.3}{Escalas de la Turbulencia}{section.3.3}% 33
\BOOKMARK [1][-]{section.3.4}{Fundamentos de Capa L\355mite Atmosf\351rica}{chapter.3}% 34
\BOOKMARK [2][-]{subsection.3.4.1}{Estructuras de Capa L\355mite}{section.3.4}% 35
\BOOKMARK [2][-]{subsection.3.4.2}{Esfuerzos Turbulentos}{section.3.4}% 36
\BOOKMARK [2][-]{subsection.3.4.3}{Ecuaci\363n de Energ\355a Cin\351tica Turbulenta}{section.3.4}% 37
\BOOKMARK [1][-]{section.3.5}{Large Eddy Simulation}{chapter.3}% 38
\BOOKMARK [2][-]{subsection.3.5.1}{Filtrado}{section.3.5}% 39
\BOOKMARK [2][-]{subsection.3.5.2}{Ecuaciones de Conservaci\363n Filtradas}{section.3.5}% 40
\BOOKMARK [2][-]{subsection.3.5.3}{Modelaci\363n de los Esfuerzos Residuales}{section.3.5}% 41
\BOOKMARK [1][-]{section.3.6}{Asimilaci\363n de Datos}{chapter.3}% 42
\BOOKMARK [2][-]{subsection.3.6.1}{An\341lisis Variacional Tridimensional}{section.3.6}% 43
\BOOKMARK [2][-]{subsection.3.6.2}{Matrices de Covarianzas B y R}{section.3.6}% 44
\BOOKMARK [0][-]{chapter.4}{Weather Research and Forecast \(WRF\)}{}% 45
\BOOKMARK [1][-]{section.4.1}{Aspectos Generales}{chapter.4}% 46
\BOOKMARK [1][-]{section.4.2}{Ecuaciones Resueltas}{chapter.4}% 47
\BOOKMARK [1][-]{section.4.3}{Aspectos Num\351ricos Relevantes}{chapter.4}% 48
\BOOKMARK [2][-]{subsection.4.3.1}{Difusi\363n}{section.4.3}% 49
\BOOKMARK [2][-]{subsection.4.3.2}{Parametrizaciones F\355sicas}{section.4.3}% 50
\BOOKMARK [1][-]{section.4.4}{Sistema de Asimilaci\363n de Datos WRFDA}{chapter.4}% 51
\BOOKMARK [2][-]{subsection.4.4.1}{Modelaci\363n de B}{section.4.4}% 52
\BOOKMARK [0][-]{chapter.5}{Metodolog\355a de la Investigaci\363n}{}% 53
\BOOKMARK [1][-]{section.5.1}{Aspectos Generales}{chapter.5}% 54
\BOOKMARK [2][-]{subsection.5.1.1}{Filosof\355a de la Investigaci\363n}{section.5.1}% 55
\BOOKMARK [2][-]{subsection.5.1.2}{Resumen de la Metodolog\355a}{section.5.1}% 56
\BOOKMARK [1][-]{section.5.2}{Selecci\363n de Dominios}{chapter.5}% 57
\BOOKMARK [2][-]{subsection.5.2.1}{Caso I - Terreno Plano: H\370vs\370re}{section.5.2}% 58
\BOOKMARK [2][-]{subsection.5.2.2}{Caso II - Terreno Complejo: Bolund}{section.5.2}% 59
\BOOKMARK [1][-]{section.5.3}{Preproceso de la Informaci\363n}{chapter.5}% 60
\BOOKMARK [2][-]{subsection.5.3.1}{Condiciones de Borde de Suelo}{section.5.3}% 61
\BOOKMARK [2][-]{subsection.5.3.2}{Condiciones de Borde Laterales}{section.5.3}% 62
\BOOKMARK [2][-]{subsection.5.3.3}{Condiciones Iniciales}{section.5.3}% 63
\BOOKMARK [1][-]{section.5.4}{Descripci\363n del Proceso de Asimilaci\363n de Datos}{chapter.5}% 64
\BOOKMARK [1][-]{section.5.5}{Detalle de Experimentos}{chapter.5}% 65
\BOOKMARK [2][-]{subsection.5.5.1}{Caso I - Terreno Plano: H\370vs\370re}{section.5.5}% 66
\BOOKMARK [2][-]{subsection.5.5.2}{Caso II - Terreno Complejo: Bolund}{section.5.5}% 67
\BOOKMARK [1][-]{section.5.6}{Posproceso de los datos}{chapter.5}% 68
\BOOKMARK [2][-]{subsection.5.6.1}{Interpolaci\363n para Series de Tiempo}{section.5.6}% 69
\BOOKMARK [2][-]{subsection.5.6.2}{Definici\363n de M\351tricas}{section.5.6}% 70
\BOOKMARK [0][-]{chapter.6}{Resultados Obtenidos y An\341lisis}{}% 71
\BOOKMARK [1][-]{section.6.1}{Caso I: H\370vs\370re}{chapter.6}% 72
\BOOKMARK [1][-]{section.6.2}{Caso I: H\370vs\370re con Asimilaci\363n Puntual}{chapter.6}% 73
\BOOKMARK [1][-]{section.6.3}{Caso II: Bolund}{chapter.6}% 74
\BOOKMARK [1][-]{section.6.4}{Caso II: Bolund con Asimilaci\363n Multipunto}{chapter.6}% 75
\BOOKMARK [0][-]{chapter.7}{Conclusiones y Trabajo Futuro}{}% 76
\BOOKMARK [1][-]{section.7.1}{Trabajo Futuro}{chapter.7}% 77
\BOOKMARK [1][-]{section.7.2}{Palabras Finales}{chapter.7}% 78
\BOOKMARK [0][-]{appendix.Alph1}{C\341lculo de Resultados para Bolund y Comparaci\363n Ciega}{}% 79
\BOOKMARK [0][-]{appendix.Alph2}{Incorporaci\363n de Bases de Datos de Alta Resoluci\363n}{}% 80
\BOOKMARK [0][-]{appendix.Alph3}{Tiempos de C\341lculo de las Simulaciones}{}% 81
\BOOKMARK [0][-]{section*.107}{Bibliograf\355a}{}% 82
